2018-11-30 16:39:35 [scrapy.utils.log] INFO: Scrapy 1.5.1 started (bot: audio)
2018-11-30 16:39:35 [scrapy.utils.log] INFO: Versions: lxml 4.2.5.0, libxml2 2.9.5, cssselect 1.0.3, parsel 1.5.1, w3lib 1.19.0, Twisted 18.9.0, Python 3.7.0 (v3.7.0:1bf9cc5093, Jun 27 2018, 04:59:51) [MSC v.1914 64 bit (AMD64)], pyOpenSSL 18.0.0 (OpenSSL 1.1.0j  20 Nov 2018), cryptography 2.4.2, Platform Windows-7-6.1.7601-SP1
2018-11-30 16:39:35 [scrapy.crawler] INFO: Overridden settings: {'BOT_NAME': 'audio', 'DOWNLOAD_TIMEOUT': 20, 'LOG_FILE': 'mySpider.log', 'LOG_LEVEL': 'INFO', 'NEWSPIDER_MODULE': 'audio.spiders', 'SPIDER_MODULES': ['audio.spiders']}
2018-11-30 16:39:35 [scrapy.middleware] INFO: Enabled extensions:
['scrapy.extensions.corestats.CoreStats',
 'scrapy.extensions.telnet.TelnetConsole',
 'scrapy.extensions.logstats.LogStats']
2018-11-30 16:39:36 [scrapy.middleware] INFO: Enabled downloader middlewares:
['scrapy.downloadermiddlewares.httpauth.HttpAuthMiddleware',
 'scrapy.downloadermiddlewares.downloadtimeout.DownloadTimeoutMiddleware',
 'scrapy.downloadermiddlewares.defaultheaders.DefaultHeadersMiddleware',
 'scrapy.downloadermiddlewares.useragent.UserAgentMiddleware',
 'scrapy.downloadermiddlewares.retry.RetryMiddleware',
 'scrapy.downloadermiddlewares.redirect.MetaRefreshMiddleware',
 'scrapy.downloadermiddlewares.httpcompression.HttpCompressionMiddleware',
 'scrapy.downloadermiddlewares.redirect.RedirectMiddleware',
 'scrapy.downloadermiddlewares.cookies.CookiesMiddleware',
 'scrapy.downloadermiddlewares.httpproxy.HttpProxyMiddleware',
 'scrapy.downloadermiddlewares.stats.DownloaderStats']
2018-11-30 16:39:36 [scrapy.middleware] INFO: Enabled spider middlewares:
['scrapy.spidermiddlewares.httperror.HttpErrorMiddleware',
 'scrapy.spidermiddlewares.offsite.OffsiteMiddleware',
 'scrapy.spidermiddlewares.referer.RefererMiddleware',
 'scrapy.spidermiddlewares.urllength.UrlLengthMiddleware',
 'scrapy.spidermiddlewares.depth.DepthMiddleware']
2018-11-30 16:39:36 [scrapy.middleware] INFO: Enabled item pipelines:
['audio.pipelines.MyImagepipeline',
 'scrapy.pipelines.files.FilesPipeline',
 'audio.pipelines.AudioPipeline']
2018-11-30 16:39:36 [scrapy.core.engine] INFO: Spider opened
2018-11-30 16:39:36 [scrapy.extensions.logstats] INFO: Crawled 0 pages (at 0 pages/min), scraped 0 items (at 0 items/min)
2018-11-30 16:40:22 [scrapy.crawler] INFO: Received SIGINT, shutting down gracefully. Send again to force 
2018-11-30 16:40:22 [scrapy.core.engine] INFO: Closing spider (shutdown)
2018-11-30 16:40:22 [scrapy.crawler] INFO: Received SIGINT twice, forcing unclean shutdown
2018-11-30 16:40:22 [scrapy.core.downloader.handlers.http11] WARNING: Got data loss in http://media.youban.com/gsmp3/mv20121009/1349782497.mp3. If you want to process broken responses set the setting DOWNLOAD_FAIL_ON_DATALOSS = False -- This message won't be shown in further requests
2018-11-30 16:40:22 [scrapy.core.downloader.handlers.http11] WARNING: Got data loss in http://media.youban.com/gsmp3/mv20120713/134242379811156.mp3. If you want to process broken responses set the setting DOWNLOAD_FAIL_ON_DATALOSS = False -- This message won't be shown in further requests
2018-11-30 16:40:22 [scrapy.core.downloader.handlers.http11] WARNING: Got data loss in http://media.youban.com/gsmp3/mv20120713/134242378813287.mp3. If you want to process broken responses set the setting DOWNLOAD_FAIL_ON_DATALOSS = False -- This message won't be shown in further requests
2018-11-30 16:40:22 [scrapy.core.downloader.handlers.http11] WARNING: Got data loss in http://media.youban.com/gsmp3/mv20120713/134242366113203.mp3. If you want to process broken responses set the setting DOWNLOAD_FAIL_ON_DATALOSS = False -- This message won't be shown in further requests
2018-11-30 16:40:22 [scrapy.core.downloader.handlers.http11] WARNING: Got data loss in http://media.youban.com/gsmp3/mv20140118/1390032245.mp3. If you want to process broken responses set the setting DOWNLOAD_FAIL_ON_DATALOSS = False -- This message won't be shown in further requests
2018-11-30 16:40:22 [scrapy.core.downloader.handlers.http11] WARNING: Got data loss in http://media.youban.com/gsmp3/mv20120821/92313.mp3. If you want to process broken responses set the setting DOWNLOAD_FAIL_ON_DATALOSS = False -- This message won't be shown in further requests
2018-11-30 16:40:22 [scrapy.core.downloader.handlers.http11] WARNING: Got data loss in http://media.youban.com/gsmp3/mv20120821/92304.mp3. If you want to process broken responses set the setting DOWNLOAD_FAIL_ON_DATALOSS = False -- This message won't be shown in further requests
2018-11-30 16:40:22 [scrapy.core.downloader.handlers.http11] WARNING: Got data loss in http://media.youban.com/gsmp3/mv20121009/1349768106.mp3. If you want to process broken responses set the setting DOWNLOAD_FAIL_ON_DATALOSS = False -- This message won't be shown in further requests
2018-11-30 16:46:13 [scrapy.utils.log] INFO: Scrapy 1.5.1 started (bot: audio)
2018-11-30 16:46:13 [scrapy.utils.log] INFO: Versions: lxml 4.2.5.0, libxml2 2.9.5, cssselect 1.0.3, parsel 1.5.1, w3lib 1.19.0, Twisted 18.9.0, Python 3.7.0 (v3.7.0:1bf9cc5093, Jun 27 2018, 04:59:51) [MSC v.1914 64 bit (AMD64)], pyOpenSSL 18.0.0 (OpenSSL 1.1.0j  20 Nov 2018), cryptography 2.4.2, Platform Windows-7-6.1.7601-SP1
2018-11-30 16:46:13 [scrapy.crawler] INFO: Overridden settings: {'BOT_NAME': 'audio', 'DOWNLOAD_TIMEOUT': 20, 'LOG_FILE': 'mySpider.log', 'LOG_LEVEL': 'INFO', 'NEWSPIDER_MODULE': 'audio.spiders', 'ROBOTSTXT_OBEY': True, 'SPIDER_MODULES': ['audio.spiders']}
2018-11-30 16:46:13 [scrapy.middleware] INFO: Enabled extensions:
['scrapy.extensions.corestats.CoreStats',
 'scrapy.extensions.telnet.TelnetConsole',
 'scrapy.extensions.logstats.LogStats']
2018-11-30 16:46:14 [scrapy.middleware] INFO: Enabled downloader middlewares:
['scrapy.downloadermiddlewares.robotstxt.RobotsTxtMiddleware',
 'scrapy.downloadermiddlewares.httpauth.HttpAuthMiddleware',
 'scrapy.downloadermiddlewares.downloadtimeout.DownloadTimeoutMiddleware',
 'scrapy.downloadermiddlewares.defaultheaders.DefaultHeadersMiddleware',
 'scrapy.downloadermiddlewares.useragent.UserAgentMiddleware',
 'scrapy.downloadermiddlewares.retry.RetryMiddleware',
 'scrapy.downloadermiddlewares.redirect.MetaRefreshMiddleware',
 'scrapy.downloadermiddlewares.httpcompression.HttpCompressionMiddleware',
 'scrapy.downloadermiddlewares.redirect.RedirectMiddleware',
 'scrapy.downloadermiddlewares.cookies.CookiesMiddleware',
 'scrapy.downloadermiddlewares.httpproxy.HttpProxyMiddleware',
 'scrapy.downloadermiddlewares.stats.DownloaderStats']
2018-11-30 16:46:14 [scrapy.middleware] INFO: Enabled spider middlewares:
['scrapy.spidermiddlewares.httperror.HttpErrorMiddleware',
 'scrapy.spidermiddlewares.offsite.OffsiteMiddleware',
 'scrapy.spidermiddlewares.referer.RefererMiddleware',
 'scrapy.spidermiddlewares.urllength.UrlLengthMiddleware',
 'scrapy.spidermiddlewares.depth.DepthMiddleware']
2018-11-30 16:46:14 [scrapy.middleware] INFO: Enabled item pipelines:
['audio.pipelines.MyImagepipeline',
 'scrapy.pipelines.files.FilesPipeline',
 'audio.pipelines.AudioPipeline']
2018-11-30 16:46:14 [scrapy.core.engine] INFO: Spider opened
2018-11-30 16:46:14 [scrapy.extensions.logstats] INFO: Crawled 0 pages (at 0 pages/min), scraped 0 items (at 0 items/min)
2018-11-30 16:46:28 [scrapy.spidermiddlewares.httperror] INFO: Ignoring response <404 http://www.youban.com/mp3-2745.html>: HTTP status code is not handled or not allowed
2018-11-30 16:46:39 [scrapy.pipelines.files] WARNING: File (code: 404): Error downloading file from <GET http://flash.youban.com/up/classes/> referred in <None>
2018-11-30 16:47:14 [scrapy.extensions.logstats] INFO: Crawled 3305 pages (at 3305 pages/min), scraped 3270 items (at 3270 items/min)
2018-11-30 16:47:42 [scrapy.downloadermiddlewares.robotstxt] ERROR: Error downloading <GET :///robots.txt>: Unsupported URL scheme '': no handler available for that scheme
Traceback (most recent call last):
  File "d:\program files\python\python37\lib\site-packages\twisted\internet\defer.py", line 1416, in _inlineCallbacks
    result = result.throwExceptionIntoGenerator(g)
  File "d:\program files\python\python37\lib\site-packages\twisted\python\failure.py", line 491, in throwExceptionIntoGenerator
    return g.throw(self.type, self.value, self.tb)
  File "d:\program files\python\python37\lib\site-packages\scrapy\core\downloader\middleware.py", line 43, in process_request
    defer.returnValue((yield download_func(request=request,spider=spider)))
  File "d:\program files\python\python37\lib\site-packages\scrapy\utils\defer.py", line 45, in mustbe_deferred
    result = f(*args, **kw)
  File "d:\program files\python\python37\lib\site-packages\scrapy\core\downloader\handlers\__init__.py", line 64, in download_request
    (scheme, self._notconfigured[scheme]))
scrapy.exceptions.NotSupported: Unsupported URL scheme '': no handler available for that scheme
2018-11-30 16:47:42 [scrapy.pipelines.files] WARNING: File (unknown-error): Error downloading file from <GET %20http://media.youban.com/gsmp3/mv20130523/lubingxun9.mp3> referred in <None>: Unsupported URL scheme '': no handler available for that scheme
2018-11-30 16:48:09 [scrapy.spidermiddlewares.httperror] INFO: Ignoring response <404 http://www.youban.com/mp3-1193.html>: HTTP status code is not handled or not allowed
2018-11-30 16:48:09 [scrapy.spidermiddlewares.httperror] INFO: Ignoring response <404 http://www.youban.com/mp3-1189.html>: HTTP status code is not handled or not allowed
2018-11-30 16:48:09 [scrapy.spidermiddlewares.httperror] INFO: Ignoring response <404 http://www.youban.com/mp3-1202.html>: HTTP status code is not handled or not allowed
2018-11-30 16:48:09 [scrapy.spidermiddlewares.httperror] INFO: Ignoring response <404 http://www.youban.com/mp3-1179.html>: HTTP status code is not handled or not allowed
2018-11-30 16:48:09 [scrapy.spidermiddlewares.httperror] INFO: Ignoring response <404 http://www.youban.com/mp3-1182.html>: HTTP status code is not handled or not allowed
2018-11-30 16:48:09 [scrapy.spidermiddlewares.httperror] INFO: Ignoring response <404 http://www.youban.com/mp3-1185.html>: HTTP status code is not handled or not allowed
2018-11-30 16:48:09 [scrapy.spidermiddlewares.httperror] INFO: Ignoring response <404 http://www.youban.com/mp3-1196.html>: HTTP status code is not handled or not allowed
2018-11-30 16:48:09 [scrapy.spidermiddlewares.httperror] INFO: Ignoring response <404 http://www.youban.com/mp3-1190.html>: HTTP status code is not handled or not allowed
2018-11-30 16:48:09 [scrapy.spidermiddlewares.httperror] INFO: Ignoring response <404 http://www.youban.com/mp3-1186.html>: HTTP status code is not handled or not allowed
2018-11-30 16:48:09 [scrapy.spidermiddlewares.httperror] INFO: Ignoring response <404 http://www.youban.com/mp3-1184.html>: HTTP status code is not handled or not allowed
2018-11-30 16:48:09 [scrapy.spidermiddlewares.httperror] INFO: Ignoring response <404 http://www.youban.com/mp3-1176.html>: HTTP status code is not handled or not allowed
2018-11-30 16:48:09 [scrapy.spidermiddlewares.httperror] INFO: Ignoring response <404 http://www.youban.com/mp3-1180.html>: HTTP status code is not handled or not allowed
2018-11-30 16:48:10 [scrapy.spidermiddlewares.httperror] INFO: Ignoring response <404 http://www.youban.com/mp3-1199.html>: HTTP status code is not handled or not allowed
2018-11-30 16:48:10 [scrapy.spidermiddlewares.httperror] INFO: Ignoring response <404 http://www.youban.com/mp3-1172.html>: HTTP status code is not handled or not allowed
2018-11-30 16:48:10 [scrapy.spidermiddlewares.httperror] INFO: Ignoring response <404 http://www.youban.com/mp3-1198.html>: HTTP status code is not handled or not allowed
2018-11-30 16:48:10 [scrapy.spidermiddlewares.httperror] INFO: Ignoring response <404 http://www.youban.com/mp3-1204.html>: HTTP status code is not handled or not allowed
2018-11-30 16:48:10 [scrapy.spidermiddlewares.httperror] INFO: Ignoring response <404 http://www.youban.com/mp3-1194.html>: HTTP status code is not handled or not allowed
2018-11-30 16:48:10 [scrapy.spidermiddlewares.httperror] INFO: Ignoring response <404 http://www.youban.com/mp3-1166.html>: HTTP status code is not handled or not allowed
2018-11-30 16:48:10 [scrapy.spidermiddlewares.httperror] INFO: Ignoring response <404 http://www.youban.com/mp3-1203.html>: HTTP status code is not handled or not allowed
2018-11-30 16:48:10 [scrapy.spidermiddlewares.httperror] INFO: Ignoring response <404 http://www.youban.com/mp3-1197.html>: HTTP status code is not handled or not allowed
2018-11-30 16:48:10 [scrapy.spidermiddlewares.httperror] INFO: Ignoring response <404 http://www.youban.com/mp3-1173.html>: HTTP status code is not handled or not allowed
2018-11-30 16:48:10 [scrapy.spidermiddlewares.httperror] INFO: Ignoring response <404 http://www.youban.com/mp3-1181.html>: HTTP status code is not handled or not allowed
2018-11-30 16:48:10 [scrapy.spidermiddlewares.httperror] INFO: Ignoring response <404 http://www.youban.com/mp3-1200.html>: HTTP status code is not handled or not allowed
2018-11-30 16:48:10 [scrapy.spidermiddlewares.httperror] INFO: Ignoring response <404 http://www.youban.com/mp3-1188.html>: HTTP status code is not handled or not allowed
2018-11-30 16:48:10 [scrapy.spidermiddlewares.httperror] INFO: Ignoring response <404 http://www.youban.com/mp3-1195.html>: HTTP status code is not handled or not allowed
2018-11-30 16:48:10 [scrapy.spidermiddlewares.httperror] INFO: Ignoring response <404 http://www.youban.com/mp3-1175.html>: HTTP status code is not handled or not allowed
2018-11-30 16:48:10 [scrapy.spidermiddlewares.httperror] INFO: Ignoring response <404 http://www.youban.com/mp3-1178.html>: HTTP status code is not handled or not allowed
2018-11-30 16:48:11 [scrapy.spidermiddlewares.httperror] INFO: Ignoring response <404 http://www.youban.com/mp3-1177.html>: HTTP status code is not handled or not allowed
2018-11-30 16:48:11 [scrapy.spidermiddlewares.httperror] INFO: Ignoring response <404 http://www.youban.com/mp3-1192.html>: HTTP status code is not handled or not allowed
2018-11-30 16:48:11 [scrapy.spidermiddlewares.httperror] INFO: Ignoring response <404 http://www.youban.com/mp3-1205.html>: HTTP status code is not handled or not allowed
2018-11-30 16:48:11 [scrapy.spidermiddlewares.httperror] INFO: Ignoring response <404 http://www.youban.com/mp3-1170.html>: HTTP status code is not handled or not allowed
2018-11-30 16:48:11 [scrapy.spidermiddlewares.httperror] INFO: Ignoring response <404 http://www.youban.com/mp3-1201.html>: HTTP status code is not handled or not allowed
2018-11-30 16:48:11 [scrapy.spidermiddlewares.httperror] INFO: Ignoring response <404 http://www.youban.com/mp3-1191.html>: HTTP status code is not handled or not allowed
2018-11-30 16:48:11 [scrapy.spidermiddlewares.httperror] INFO: Ignoring response <404 http://www.youban.com/mp3-1187.html>: HTTP status code is not handled or not allowed
2018-11-30 16:48:11 [scrapy.spidermiddlewares.httperror] INFO: Ignoring response <404 http://www.youban.com/mp3-1169.html>: HTTP status code is not handled or not allowed
2018-11-30 16:48:11 [scrapy.spidermiddlewares.httperror] INFO: Ignoring response <404 http://www.youban.com/mp3-1174.html>: HTTP status code is not handled or not allowed
2018-11-30 16:48:11 [scrapy.spidermiddlewares.httperror] INFO: Ignoring response <404 http://www.youban.com/mp3-1167.html>: HTTP status code is not handled or not allowed
2018-11-30 16:48:11 [scrapy.spidermiddlewares.httperror] INFO: Ignoring response <404 http://www.youban.com/mp3-1206.html>: HTTP status code is not handled or not allowed
2018-11-30 16:48:11 [scrapy.spidermiddlewares.httperror] INFO: Ignoring response <404 http://www.youban.com/mp3-1168.html>: HTTP status code is not handled or not allowed
2018-11-30 16:48:14 [scrapy.extensions.logstats] INFO: Crawled 6514 pages (at 3209 pages/min), scraped 6439 items (at 3169 items/min)
2018-11-30 16:48:27 [scrapy.core.engine] INFO: Closing spider (finished)
2018-11-30 16:48:27 [scrapy.statscollectors] INFO: Dumping Scrapy stats:
{'downloader/exception_count': 3504,
 'downloader/exception_type_count/scrapy.exceptions.IgnoreRequest': 3502,
 'downloader/exception_type_count/scrapy.exceptions.NotSupported': 2,
 'downloader/request_bytes': 3653942,
 'downloader/request_count': 7258,
 'downloader/request_method_count/GET': 7258,
 'downloader/response_bytes': 103893861,
 'downloader/response_count': 7256,
 'downloader/response_status_count/200': 7214,
 'downloader/response_status_count/404': 42,
 'dupefilter/filtered': 323,
 'file_count': 137,
 'file_status_count/uptodate': 137,
 'finish_reason': 'finished',
 'finish_time': datetime.datetime(2018, 11, 30, 8, 48, 27, 470580),
 'httperror/response_ignored_count': 40,
 'httperror/response_ignored_status_count/404': 40,
 'item_scraped_count': 7188,
 'log_count/ERROR': 1,
 'log_count/INFO': 49,
 'log_count/WARNING': 2,
 'request_depth_max': 4,
 'response_received_count': 7256,
 'scheduler/dequeued': 7252,
 'scheduler/dequeued/memory': 7252,
 'scheduler/enqueued': 7252,
 'scheduler/enqueued/memory': 7252,
 'start_time': datetime.datetime(2018, 11, 30, 8, 46, 14, 223959)}
2018-11-30 16:48:27 [scrapy.core.engine] INFO: Spider closed (finished)
2018-11-30 17:04:13 [scrapy.utils.log] INFO: Scrapy 1.5.1 started (bot: audio)
2018-11-30 17:04:13 [scrapy.utils.log] INFO: Versions: lxml 4.2.5.0, libxml2 2.9.5, cssselect 1.0.3, parsel 1.5.1, w3lib 1.19.0, Twisted 18.9.0, Python 3.7.0 (v3.7.0:1bf9cc5093, Jun 27 2018, 04:59:51) [MSC v.1914 64 bit (AMD64)], pyOpenSSL 18.0.0 (OpenSSL 1.1.0j  20 Nov 2018), cryptography 2.4.2, Platform Windows-7-6.1.7601-SP1
2018-11-30 17:04:13 [scrapy.crawler] INFO: Overridden settings: {'BOT_NAME': 'audio', 'DOWNLOAD_TIMEOUT': 20, 'LOG_FILE': 'mySpider.log', 'LOG_LEVEL': 'INFO', 'NEWSPIDER_MODULE': 'audio.spiders', 'SPIDER_MODULES': ['audio.spiders']}
2018-11-30 17:04:13 [scrapy.middleware] INFO: Enabled extensions:
['scrapy.extensions.corestats.CoreStats',
 'scrapy.extensions.telnet.TelnetConsole',
 'scrapy.extensions.logstats.LogStats']
2018-11-30 17:04:13 [scrapy.middleware] INFO: Enabled downloader middlewares:
['scrapy.downloadermiddlewares.httpauth.HttpAuthMiddleware',
 'scrapy.downloadermiddlewares.downloadtimeout.DownloadTimeoutMiddleware',
 'scrapy.downloadermiddlewares.defaultheaders.DefaultHeadersMiddleware',
 'scrapy.downloadermiddlewares.useragent.UserAgentMiddleware',
 'scrapy.downloadermiddlewares.retry.RetryMiddleware',
 'scrapy.downloadermiddlewares.redirect.MetaRefreshMiddleware',
 'scrapy.downloadermiddlewares.httpcompression.HttpCompressionMiddleware',
 'scrapy.downloadermiddlewares.redirect.RedirectMiddleware',
 'scrapy.downloadermiddlewares.cookies.CookiesMiddleware',
 'scrapy.downloadermiddlewares.httpproxy.HttpProxyMiddleware',
 'scrapy.downloadermiddlewares.stats.DownloaderStats']
2018-11-30 17:04:13 [scrapy.middleware] INFO: Enabled spider middlewares:
['scrapy.spidermiddlewares.httperror.HttpErrorMiddleware',
 'scrapy.spidermiddlewares.offsite.OffsiteMiddleware',
 'scrapy.spidermiddlewares.referer.RefererMiddleware',
 'scrapy.spidermiddlewares.urllength.UrlLengthMiddleware',
 'scrapy.spidermiddlewares.depth.DepthMiddleware']
2018-11-30 17:04:13 [scrapy.middleware] INFO: Enabled item pipelines:
['audio.pipelines.MyImagepipeline',
 'audio.pipelines.MyFilepipeline',
 'audio.pipelines.AudioPipeline']
2018-11-30 17:04:13 [scrapy.core.engine] INFO: Spider opened
2018-11-30 17:04:13 [scrapy.extensions.logstats] INFO: Crawled 0 pages (at 0 pages/min), scraped 0 items (at 0 items/min)
2018-11-30 17:05:13 [scrapy.extensions.logstats] INFO: Crawled 99 pages (at 99 pages/min), scraped 75 items (at 75 items/min)
2018-11-30 17:05:55 [scrapy.pipelines.files] WARNING: File (unknown-error): Error downloading file from <GET http://media.youban.com/gsmp3/mv20120525/133794521516300.mp3> referred in <None>: User timeout caused connection failure: Getting http://media.youban.com/gsmp3/mv20120525/133794521516300.mp3 took longer than 20.0 seconds..
2018-11-30 17:06:13 [scrapy.extensions.logstats] INFO: Crawled 116 pages (at 17 pages/min), scraped 87 items (at 12 items/min)
2018-11-30 17:06:15 [scrapy.pipelines.files] WARNING: File (unknown-error): Error downloading file from <GET http://media.youban.com/gsmp3/mv20131231/1388478952.mp3> referred in <None>: User timeout caused connection failure: Getting http://media.youban.com/gsmp3/mv20131231/1388478952.mp3 took longer than 20.0 seconds..
2018-11-30 17:06:15 [scrapy.pipelines.files] WARNING: File (unknown-error): Error downloading file from <GET http://media.youban.com/gsmp3/mv20120525/133794535526765.mp3> referred in <None>: User timeout caused connection failure: Getting http://media.youban.com/gsmp3/mv20120525/133794535526765.mp3 took longer than 20.0 seconds..
2018-11-30 17:06:21 [scrapy.pipelines.files] WARNING: File (unknown-error): Error downloading file from <GET http://media.youban.com/gsmp3/mv20130715/1373861834.mp3> referred in <None>: User timeout caused connection failure: Getting http://media.youban.com/gsmp3/mv20130715/1373861834.mp3 took longer than 20.0 seconds..
2018-11-30 17:06:23 [scrapy.pipelines.files] WARNING: File (unknown-error): Error downloading file from <GET http://media.youban.com/gsmp3/mv20130715/1373861833.mp3> referred in <None>: User timeout caused connection failure: Getting http://media.youban.com/gsmp3/mv20130715/1373861833.mp3 took longer than 20.0 seconds..
2018-11-30 17:06:25 [scrapy.pipelines.files] WARNING: File (unknown-error): Error downloading file from <GET http://media.youban.com/gsmp3/mv20130715/1373861831.mp3> referred in <None>: User timeout caused connection failure: Getting http://media.youban.com/gsmp3/mv20130715/1373861831.mp3 took longer than 20.0 seconds..
2018-11-30 17:06:29 [scrapy.pipelines.files] WARNING: File (unknown-error): Error downloading file from <GET http://media.youban.com/gsmp3/mv20130715/1373861832.mp3> referred in <None>: User timeout caused connection failure: Getting http://media.youban.com/gsmp3/mv20130715/1373861832.mp3 took longer than 20.0 seconds..
2018-11-30 17:06:32 [scrapy.pipelines.files] WARNING: File (unknown-error): Error downloading file from <GET http://media.youban.com/gsmp3/mv20130715/1373861835.mp3> referred in <None>: User timeout caused connection failure: Getting http://media.youban.com/gsmp3/mv20130715/1373861835.mp3 took longer than 20.0 seconds..
2018-11-30 17:06:33 [scrapy.pipelines.files] WARNING: File (unknown-error): Error downloading file from <GET http://media.youban.com/gsmp3/mv20130715/1373861830.mp3> referred in <None>: User timeout caused connection failure: Getting http://media.youban.com/gsmp3/mv20130715/1373861830.mp3 took longer than 20.0 seconds..
2018-11-30 17:06:35 [scrapy.pipelines.files] WARNING: File (unknown-error): Error downloading file from <GET http://media.youban.com/gsmp3/mv20130715/1373861821.mp3> referred in <None>: User timeout caused connection failure: Getting http://media.youban.com/gsmp3/mv20130715/1373861821.mp3 took longer than 20.0 seconds..
2018-11-30 17:07:13 [scrapy.extensions.logstats] INFO: Crawled 136 pages (at 20 pages/min), scraped 106 items (at 19 items/min)
2018-11-30 17:07:21 [scrapy.pipelines.files] WARNING: File (unknown-error): Error downloading file from <GET http://media.youban.com/gsmp3/mv20130715/1373861798.mp3> referred in <None>: User timeout caused connection failure: Getting http://media.youban.com/gsmp3/mv20130715/1373861798.mp3 took longer than 20.0 seconds..
2018-11-30 17:07:23 [scrapy.pipelines.files] WARNING: File (unknown-error): Error downloading file from <GET http://media.youban.com/gsmp3/mv20120525/133794536220798.mp3> referred in <None>: User timeout caused connection failure: Getting http://media.youban.com/gsmp3/mv20120525/133794536220798.mp3 took longer than 20.0 seconds..
2018-11-30 17:07:25 [scrapy.crawler] INFO: Received SIGINT, shutting down gracefully. Send again to force 
2018-11-30 17:07:25 [scrapy.core.engine] INFO: Closing spider (shutdown)
2018-11-30 17:07:25 [scrapy.pipelines.files] WARNING: File (unknown-error): Error downloading file from <GET http://media.youban.com/gsmp3/mv20131231/1388478935.mp3> referred in <None>: User timeout caused connection failure: Getting http://media.youban.com/gsmp3/mv20131231/1388478935.mp3 took longer than 20.0 seconds..
2018-11-30 17:07:31 [scrapy.crawler] INFO: Received SIGINT twice, forcing unclean shutdown
2018-11-30 17:07:31 [scrapy.core.downloader.handlers.http11] WARNING: Got data loss in http://media.youban.com/gsmp3/mv20130715/1373861824.mp3. If you want to process broken responses set the setting DOWNLOAD_FAIL_ON_DATALOSS = False -- This message won't be shown in further requests
2018-11-30 17:07:31 [scrapy.core.downloader.handlers.http11] WARNING: Got data loss in http://media.youban.com/gsmp3/mv20130715/1373861827.mp3. If you want to process broken responses set the setting DOWNLOAD_FAIL_ON_DATALOSS = False -- This message won't be shown in further requests
2018-11-30 17:07:31 [scrapy.core.downloader.handlers.http11] WARNING: Got data loss in http://media.youban.com/gsmp3/mv20130715/1373861848.mp3. If you want to process broken responses set the setting DOWNLOAD_FAIL_ON_DATALOSS = False -- This message won't be shown in further requests
2018-11-30 17:07:31 [scrapy.core.downloader.handlers.http11] WARNING: Got data loss in http://media.youban.com/gsmp3/mv20130715/1373861825.mp3. If you want to process broken responses set the setting DOWNLOAD_FAIL_ON_DATALOSS = False -- This message won't be shown in further requests
2018-11-30 17:07:31 [scrapy.core.downloader.handlers.http11] WARNING: Got data loss in http://media.youban.com/gsmp3/mv20130715/1373861828.mp3. If you want to process broken responses set the setting DOWNLOAD_FAIL_ON_DATALOSS = False -- This message won't be shown in further requests
2018-11-30 17:07:31 [scrapy.pipelines.files] WARNING: File (unknown-error): Error downloading file from <GET http://media.youban.com/gsmp3/mv20130715/1373861828.mp3> referred in <None>: [<twisted.python.failure.Failure twisted.internet.error.ConnectionLost: Connection to the other side was lost in a non-clean fashion: Connection lost.>, <twisted.python.failure.Failure twisted.web.http._DataLoss: >]
2018-11-30 17:07:31 [scrapy.core.downloader.handlers.http11] WARNING: Got data loss in http://media.youban.com/gsmp3/mv20130715/1373861823.mp3. If you want to process broken responses set the setting DOWNLOAD_FAIL_ON_DATALOSS = False -- This message won't be shown in further requests
2018-11-30 17:07:31 [scrapy.core.downloader.handlers.http11] WARNING: Got data loss in http://media.youban.com/gsmp3/mv20130715/1373861826.mp3. If you want to process broken responses set the setting DOWNLOAD_FAIL_ON_DATALOSS = False -- This message won't be shown in further requests
2018-11-30 17:07:31 [scrapy.core.downloader.handlers.http11] WARNING: Got data loss in http://media.youban.com/gsmp3/mv20130715/1373861829.mp3. If you want to process broken responses set the setting DOWNLOAD_FAIL_ON_DATALOSS = False -- This message won't be shown in further requests
2018-11-30 20:04:37 [scrapy.utils.log] INFO: Scrapy 1.5.1 started (bot: audio)
2018-11-30 20:04:37 [scrapy.utils.log] INFO: Versions: lxml 4.2.5.0, libxml2 2.9.5, cssselect 1.0.3, parsel 1.5.1, w3lib 1.19.0, Twisted 18.9.0, Python 3.7.0 (v3.7.0:1bf9cc5093, Jun 27 2018, 04:59:51) [MSC v.1914 64 bit (AMD64)], pyOpenSSL 18.0.0 (OpenSSL 1.1.0j  20 Nov 2018), cryptography 2.4.2, Platform Windows-7-6.1.7601-SP1
2018-11-30 20:04:37 [scrapy.crawler] INFO: Overridden settings: {'BOT_NAME': 'audio', 'DOWNLOAD_TIMEOUT': 20, 'LOG_FILE': 'mySpider.log', 'LOG_LEVEL': 'INFO', 'NEWSPIDER_MODULE': 'audio.spiders', 'SPIDER_MODULES': ['audio.spiders']}
2018-11-30 20:04:37 [scrapy.middleware] INFO: Enabled extensions:
['scrapy.extensions.corestats.CoreStats',
 'scrapy.extensions.telnet.TelnetConsole',
 'scrapy.extensions.logstats.LogStats']
2018-11-30 20:04:38 [scrapy.middleware] INFO: Enabled downloader middlewares:
['scrapy.downloadermiddlewares.httpauth.HttpAuthMiddleware',
 'scrapy.downloadermiddlewares.downloadtimeout.DownloadTimeoutMiddleware',
 'scrapy.downloadermiddlewares.defaultheaders.DefaultHeadersMiddleware',
 'scrapy.downloadermiddlewares.useragent.UserAgentMiddleware',
 'scrapy.downloadermiddlewares.retry.RetryMiddleware',
 'scrapy.downloadermiddlewares.redirect.MetaRefreshMiddleware',
 'scrapy.downloadermiddlewares.httpcompression.HttpCompressionMiddleware',
 'scrapy.downloadermiddlewares.redirect.RedirectMiddleware',
 'scrapy.downloadermiddlewares.cookies.CookiesMiddleware',
 'scrapy.downloadermiddlewares.httpproxy.HttpProxyMiddleware',
 'scrapy.downloadermiddlewares.stats.DownloaderStats']
2018-11-30 20:04:38 [scrapy.middleware] INFO: Enabled spider middlewares:
['scrapy.spidermiddlewares.httperror.HttpErrorMiddleware',
 'scrapy.spidermiddlewares.offsite.OffsiteMiddleware',
 'scrapy.spidermiddlewares.referer.RefererMiddleware',
 'scrapy.spidermiddlewares.urllength.UrlLengthMiddleware',
 'scrapy.spidermiddlewares.depth.DepthMiddleware']
2018-11-30 20:04:38 [scrapy.middleware] INFO: Enabled item pipelines:
['audio.pipelines.MyImagepipeline',
 'audio.pipelines.MyFilepipeline',
 'audio.pipelines.AudioPipeline']
2018-11-30 20:04:38 [scrapy.core.engine] INFO: Spider opened
2018-11-30 20:04:38 [scrapy.extensions.logstats] INFO: Crawled 0 pages (at 0 pages/min), scraped 0 items (at 0 items/min)
2018-11-30 20:04:40 [scrapy.pipelines.files] WARNING: File (code: 404): Error downloading file from <GET http://flash.youban.com/up/classes/> referred in <None>
2018-11-30 20:05:38 [scrapy.extensions.logstats] INFO: Crawled 521 pages (at 521 pages/min), scraped 355 items (at 355 items/min)
2018-11-30 20:06:05 [scrapy.core.downloader.handlers.http11] WARNING: Expected response size (46631584) larger than download warn size (33554432) in request <GET http://media.youban.com/gsmp3/mv20170110/1484031541.mp3>.
2018-11-30 20:06:29 [scrapy.core.downloader.handlers.http11] WARNING: Expected response size (46631584) larger than download warn size (33554432) in request <GET http://media.youban.com/gsmp3/mv20170110/1484031541.mp3>.
2018-11-30 20:06:38 [scrapy.extensions.logstats] INFO: Crawled 681 pages (at 160 pages/min), scraped 462 items (at 107 items/min)
2018-11-30 20:06:50 [scrapy.core.downloader.handlers.http11] WARNING: Expected response size (46631584) larger than download warn size (33554432) in request <GET http://media.youban.com/gsmp3/mv20170110/1484031541.mp3>.
2018-11-30 20:06:59 [scrapy.core.downloader.handlers.http11] WARNING: Received more bytes than download warn size (33554432) in request <GET http://media.youban.com/gsmp3/mv20170110/1484031541.mp3>.
2018-11-30 20:07:08 [scrapy.pipelines.files] ERROR: File (unknown-error): Error processing file from <GET http://media.youban.com/gsmp3/mv20130529/1369805382.mp3> referred in <None>
Traceback (most recent call last):
  File "d:\soft\python37\lib\site-packages\twisted\internet\defer.py", line 1418, in _inlineCallbacks
    result = g.send(result)
  File "d:\soft\python37\lib\site-packages\scrapy\core\downloader\middleware.py", line 43, in process_request
    defer.returnValue((yield download_func(request=request,spider=spider)))
  File "d:\soft\python37\lib\site-packages\twisted\internet\defer.py", line 1362, in returnValue
    raise _DefGen_Return(val)
twisted.internet.defer._DefGen_Return: <200 http://media.youban.com/gsmp3/mv20130529/1369805382.mp3>

During handling of the above exception, another exception occurred:

Traceback (most recent call last):
  File "d:\soft\python37\lib\site-packages\scrapy\pipelines\files.py", line 401, in media_downloaded
    checksum = self.file_downloaded(response, request, info)
  File "d:\soft\python37\lib\site-packages\scrapy\pipelines\files.py", line 434, in file_downloaded
    self.store.persist_file(path, buf, info)
  File "d:\soft\python37\lib\site-packages\scrapy\pipelines\files.py", line 54, in persist_file
    with open(absolute_path, 'wb') as f:
FileNotFoundError: [Errno 2] No such file or directory: 'D:\\work\\python\\audio\\audio\\img\\胎教音乐\\宝宝的异想世界\\爹地的蓝调 Daddys \\1369805382.mp3'
2018-11-30 20:07:09 [scrapy.pipelines.files] ERROR: File (unknown-error): Error processing file from <GET http://media.youban.com/gsmp3/mv20130529/1369805384.mp3> referred in <None>
Traceback (most recent call last):
  File "d:\soft\python37\lib\site-packages\twisted\internet\defer.py", line 1418, in _inlineCallbacks
    result = g.send(result)
  File "d:\soft\python37\lib\site-packages\scrapy\core\downloader\middleware.py", line 43, in process_request
    defer.returnValue((yield download_func(request=request,spider=spider)))
  File "d:\soft\python37\lib\site-packages\twisted\internet\defer.py", line 1362, in returnValue
    raise _DefGen_Return(val)
twisted.internet.defer._DefGen_Return: <200 http://media.youban.com/gsmp3/mv20130529/1369805384.mp3>

During handling of the above exception, another exception occurred:

Traceback (most recent call last):
  File "d:\soft\python37\lib\site-packages\scrapy\pipelines\files.py", line 401, in media_downloaded
    checksum = self.file_downloaded(response, request, info)
  File "d:\soft\python37\lib\site-packages\scrapy\pipelines\files.py", line 434, in file_downloaded
    self.store.persist_file(path, buf, info)
  File "d:\soft\python37\lib\site-packages\scrapy\pipelines\files.py", line 54, in persist_file
    with open(absolute_path, 'wb') as f:
FileNotFoundError: [Errno 2] No such file or directory: 'D:\\work\\python\\audio\\audio\\img\\胎教音乐\\宝宝的异想世界\\我们一起玩 Having \\1369805384.mp3'
2018-11-30 20:07:10 [scrapy.pipelines.files] ERROR: File (unknown-error): Error processing file from <GET http://media.youban.com/gsmp3/mv20130529/1369805377.mp3> referred in <None>
Traceback (most recent call last):
  File "d:\soft\python37\lib\site-packages\twisted\internet\defer.py", line 1418, in _inlineCallbacks
    result = g.send(result)
  File "d:\soft\python37\lib\site-packages\scrapy\core\downloader\middleware.py", line 43, in process_request
    defer.returnValue((yield download_func(request=request,spider=spider)))
  File "d:\soft\python37\lib\site-packages\twisted\internet\defer.py", line 1362, in returnValue
    raise _DefGen_Return(val)
twisted.internet.defer._DefGen_Return: <200 http://media.youban.com/gsmp3/mv20130529/1369805377.mp3>

During handling of the above exception, another exception occurred:

Traceback (most recent call last):
  File "d:\soft\python37\lib\site-packages\scrapy\pipelines\files.py", line 401, in media_downloaded
    checksum = self.file_downloaded(response, request, info)
  File "d:\soft\python37\lib\site-packages\scrapy\pipelines\files.py", line 434, in file_downloaded
    self.store.persist_file(path, buf, info)
  File "d:\soft\python37\lib\site-packages\scrapy\pipelines\files.py", line 54, in persist_file
    with open(absolute_path, 'wb') as f:
FileNotFoundError: [Errno 2] No such file or directory: 'D:\\work\\python\\audio\\audio\\img\\胎教音乐\\宝宝的异想世界\\永远的贝比 Always \\1369805377.mp3'
2018-11-30 20:07:10 [scrapy.pipelines.files] ERROR: File (unknown-error): Error processing file from <GET http://media.youban.com/gsmp3/mv20130529/1369805385.mp3> referred in <None>
Traceback (most recent call last):
  File "d:\soft\python37\lib\site-packages\twisted\internet\defer.py", line 1418, in _inlineCallbacks
    result = g.send(result)
  File "d:\soft\python37\lib\site-packages\scrapy\core\downloader\middleware.py", line 43, in process_request
    defer.returnValue((yield download_func(request=request,spider=spider)))
  File "d:\soft\python37\lib\site-packages\twisted\internet\defer.py", line 1362, in returnValue
    raise _DefGen_Return(val)
twisted.internet.defer._DefGen_Return: <200 http://media.youban.com/gsmp3/mv20130529/1369805385.mp3>

During handling of the above exception, another exception occurred:

Traceback (most recent call last):
  File "d:\soft\python37\lib\site-packages\scrapy\pipelines\files.py", line 401, in media_downloaded
    checksum = self.file_downloaded(response, request, info)
  File "d:\soft\python37\lib\site-packages\scrapy\pipelines\files.py", line 434, in file_downloaded
    self.store.persist_file(path, buf, info)
  File "d:\soft\python37\lib\site-packages\scrapy\pipelines\files.py", line 54, in persist_file
    with open(absolute_path, 'wb') as f:
FileNotFoundError: [Errno 2] No such file or directory: 'D:\\work\\python\\audio\\audio\\img\\胎教音乐\\宝宝的异想世界\\给我特别的妈咪 My \\1369805385.mp3'
2018-11-30 20:07:10 [scrapy.pipelines.files] WARNING: File (unknown-error): Error downloading file from <GET http://media.youban.com/gsmp3/mv20170110/1484031541.mp3> referred in <None>: User timeout caused connection failure: Getting http://media.youban.com/gsmp3/mv20170110/1484031541.mp3 took longer than 20.0 seconds..
2018-11-30 20:07:13 [scrapy.core.downloader.handlers.http11] WARNING: Expected response size (46434099) larger than download warn size (33554432) in request <GET http://media.youban.com/gsmp3/mv20170110/1484031566.mp3>.
2018-11-30 20:07:38 [scrapy.extensions.logstats] INFO: Crawled 1159 pages (at 478 pages/min), scraped 782 items (at 320 items/min)
2018-11-30 20:07:43 [scrapy.core.downloader.handlers.http11] WARNING: Expected response size (33876515) larger than download warn size (33554432) in request <GET http://media.youban.com/gsmp3/mv20170110/1484031656.mp3>.
2018-11-30 20:07:48 [scrapy.core.downloader.handlers.http11] WARNING: Expected response size (46434099) larger than download warn size (33554432) in request <GET http://media.youban.com/gsmp3/mv20170110/1484031566.mp3>.
2018-11-30 20:07:55 [scrapy.core.downloader.handlers.http11] WARNING: Received more bytes than download warn size (33554432) in request <GET http://media.youban.com/gsmp3/mv20170110/1484031566.mp3>.
2018-11-30 20:08:04 [scrapy.core.downloader.handlers.http11] WARNING: Expected response size (33876515) larger than download warn size (33554432) in request <GET http://media.youban.com/gsmp3/mv20170110/1484031656.mp3>.
2018-11-30 20:08:12 [scrapy.core.downloader.handlers.http11] WARNING: Received more bytes than download warn size (33554432) in request <GET http://media.youban.com/gsmp3/mv20170110/1484031656.mp3>.
2018-11-30 20:08:38 [scrapy.extensions.logstats] INFO: Crawled 1732 pages (at 573 pages/min), scraped 1164 items (at 382 items/min)
2018-11-30 20:09:38 [scrapy.extensions.logstats] INFO: Crawled 2443 pages (at 711 pages/min), scraped 1637 items (at 473 items/min)
2018-11-30 20:10:38 [scrapy.extensions.logstats] INFO: Crawled 2998 pages (at 555 pages/min), scraped 2009 items (at 372 items/min)
2018-11-30 20:11:38 [scrapy.extensions.logstats] INFO: Crawled 3309 pages (at 311 pages/min), scraped 2219 items (at 210 items/min)
2018-11-30 20:12:38 [scrapy.extensions.logstats] INFO: Crawled 3562 pages (at 253 pages/min), scraped 2390 items (at 171 items/min)
2018-11-30 20:13:38 [scrapy.extensions.logstats] INFO: Crawled 3786 pages (at 224 pages/min), scraped 2538 items (at 148 items/min)
2018-11-30 20:14:24 [scrapy.pipelines.files] WARNING: File (unknown-error): Error downloading file from <GET %20http://media.youban.com/gsmp3/mv20130523/lubingxun9.mp3> referred in <None>: Unsupported URL scheme '': no handler available for that scheme
2018-11-30 20:14:38 [scrapy.extensions.logstats] INFO: Crawled 4160 pages (at 374 pages/min), scraped 2792 items (at 254 items/min)
2018-11-30 20:14:52 [scrapy.pipelines.files] ERROR: File (unknown-error): Error processing file from <GET http://media.youban.com/gsmp3/mv20130529/1369795700.mp3> referred in <None>
Traceback (most recent call last):
  File "d:\soft\python37\lib\site-packages\twisted\internet\defer.py", line 1418, in _inlineCallbacks
    result = g.send(result)
  File "d:\soft\python37\lib\site-packages\scrapy\core\downloader\middleware.py", line 43, in process_request
    defer.returnValue((yield download_func(request=request,spider=spider)))
  File "d:\soft\python37\lib\site-packages\twisted\internet\defer.py", line 1362, in returnValue
    raise _DefGen_Return(val)
twisted.internet.defer._DefGen_Return: <200 http://media.youban.com/gsmp3/mv20130529/1369795700.mp3>

During handling of the above exception, another exception occurred:

Traceback (most recent call last):
  File "d:\soft\python37\lib\site-packages\scrapy\pipelines\files.py", line 401, in media_downloaded
    checksum = self.file_downloaded(response, request, info)
  File "d:\soft\python37\lib\site-packages\scrapy\pipelines\files.py", line 434, in file_downloaded
    self.store.persist_file(path, buf, info)
  File "d:\soft\python37\lib\site-packages\scrapy\pipelines\files.py", line 54, in persist_file
    with open(absolute_path, 'wb') as f:
FileNotFoundError: [Errno 2] No such file or directory: 'D:\\work\\python\\audio\\audio\\img\\经典名著\\贝贝熊\\许愿星The Wishing \\1369795700.mp3'
2018-11-30 20:14:53 [scrapy.pipelines.files] ERROR: File (unknown-error): Error processing file from <GET http://media.youban.com/gsmp3/mv20130529/1369795705.mp3> referred in <None>
Traceback (most recent call last):
  File "d:\soft\python37\lib\site-packages\twisted\internet\defer.py", line 1418, in _inlineCallbacks
    result = g.send(result)
  File "d:\soft\python37\lib\site-packages\scrapy\core\downloader\middleware.py", line 43, in process_request
    defer.returnValue((yield download_func(request=request,spider=spider)))
  File "d:\soft\python37\lib\site-packages\twisted\internet\defer.py", line 1362, in returnValue
    raise _DefGen_Return(val)
twisted.internet.defer._DefGen_Return: <200 http://media.youban.com/gsmp3/mv20130529/1369795705.mp3>

During handling of the above exception, another exception occurred:

Traceback (most recent call last):
  File "d:\soft\python37\lib\site-packages\scrapy\pipelines\files.py", line 401, in media_downloaded
    checksum = self.file_downloaded(response, request, info)
  File "d:\soft\python37\lib\site-packages\scrapy\pipelines\files.py", line 434, in file_downloaded
    self.store.persist_file(path, buf, info)
  File "d:\soft\python37\lib\site-packages\scrapy\pipelines\files.py", line 54, in persist_file
    with open(absolute_path, 'wb') as f:
FileNotFoundError: [Errno 2] No such file or directory: 'D:\\work\\python\\audio\\audio\\img\\经典名著\\贝贝熊\\去农场做客Down on \\1369795705.mp3'
2018-11-30 20:14:56 [scrapy.pipelines.files] ERROR: File (unknown-error): Error processing file from <GET http://media.youban.com/gsmp3/mv20130529/1369806393.mp3> referred in <None>
Traceback (most recent call last):
  File "d:\soft\python37\lib\site-packages\twisted\internet\defer.py", line 1418, in _inlineCallbacks
    result = g.send(result)
  File "d:\soft\python37\lib\site-packages\scrapy\core\downloader\middleware.py", line 43, in process_request
    defer.returnValue((yield download_func(request=request,spider=spider)))
  File "d:\soft\python37\lib\site-packages\twisted\internet\defer.py", line 1362, in returnValue
    raise _DefGen_Return(val)
twisted.internet.defer._DefGen_Return: <200 http://media.youban.com/gsmp3/mv20130529/1369806393.mp3>

During handling of the above exception, another exception occurred:

Traceback (most recent call last):
  File "d:\soft\python37\lib\site-packages\scrapy\pipelines\files.py", line 401, in media_downloaded
    checksum = self.file_downloaded(response, request, info)
  File "d:\soft\python37\lib\site-packages\scrapy\pipelines\files.py", line 434, in file_downloaded
    self.store.persist_file(path, buf, info)
  File "d:\soft\python37\lib\site-packages\scrapy\pipelines\files.py", line 54, in persist_file
    with open(absolute_path, 'wb') as f:
FileNotFoundError: [Errno 2] No such file or directory: 'D:\\work\\python\\audio\\audio\\img\\经典名著\\贝贝熊\\海滩挖宝记Seaside \\1369806393.mp3'
2018-11-30 20:15:31 [scrapy.spidermiddlewares.httperror] INFO: Ignoring response <404 http://www.youban.com/mp3-1169.html>: HTTP status code is not handled or not allowed
2018-11-30 20:15:31 [scrapy.spidermiddlewares.httperror] INFO: Ignoring response <404 http://www.youban.com/mp3-1167.html>: HTTP status code is not handled or not allowed
2018-11-30 20:15:31 [scrapy.spidermiddlewares.httperror] INFO: Ignoring response <404 http://www.youban.com/mp3-1170.html>: HTTP status code is not handled or not allowed
2018-11-30 20:15:31 [scrapy.spidermiddlewares.httperror] INFO: Ignoring response <404 http://www.youban.com/mp3-1201.html>: HTTP status code is not handled or not allowed
2018-11-30 20:15:31 [scrapy.spidermiddlewares.httperror] INFO: Ignoring response <404 http://www.youban.com/mp3-1187.html>: HTTP status code is not handled or not allowed
2018-11-30 20:15:31 [scrapy.spidermiddlewares.httperror] INFO: Ignoring response <404 http://www.youban.com/mp3-1191.html>: HTTP status code is not handled or not allowed
2018-11-30 20:15:31 [scrapy.spidermiddlewares.httperror] INFO: Ignoring response <404 http://www.youban.com/mp3-1174.html>: HTTP status code is not handled or not allowed
2018-11-30 20:15:32 [scrapy.spidermiddlewares.httperror] INFO: Ignoring response <404 http://www.youban.com/mp3-1193.html>: HTTP status code is not handled or not allowed
2018-11-30 20:15:32 [scrapy.spidermiddlewares.httperror] INFO: Ignoring response <404 http://www.youban.com/mp3-1189.html>: HTTP status code is not handled or not allowed
2018-11-30 20:15:32 [scrapy.spidermiddlewares.httperror] INFO: Ignoring response <404 http://www.youban.com/mp3-1202.html>: HTTP status code is not handled or not allowed
2018-11-30 20:15:32 [scrapy.spidermiddlewares.httperror] INFO: Ignoring response <404 http://www.youban.com/mp3-1179.html>: HTTP status code is not handled or not allowed
2018-11-30 20:15:32 [scrapy.spidermiddlewares.httperror] INFO: Ignoring response <404 http://www.youban.com/mp3-1182.html>: HTTP status code is not handled or not allowed
2018-11-30 20:15:32 [scrapy.spidermiddlewares.httperror] INFO: Ignoring response <404 http://www.youban.com/mp3-1185.html>: HTTP status code is not handled or not allowed
2018-11-30 20:15:38 [scrapy.extensions.logstats] INFO: Crawled 4707 pages (at 547 pages/min), scraped 3152 items (at 360 items/min)
2018-11-30 20:15:38 [scrapy.spidermiddlewares.httperror] INFO: Ignoring response <404 http://www.youban.com/mp3-1190.html>: HTTP status code is not handled or not allowed
2018-11-30 20:15:38 [scrapy.spidermiddlewares.httperror] INFO: Ignoring response <404 http://www.youban.com/mp3-1186.html>: HTTP status code is not handled or not allowed
2018-11-30 20:15:38 [scrapy.spidermiddlewares.httperror] INFO: Ignoring response <404 http://www.youban.com/mp3-1196.html>: HTTP status code is not handled or not allowed
2018-11-30 20:15:38 [scrapy.spidermiddlewares.httperror] INFO: Ignoring response <404 http://www.youban.com/mp3-1184.html>: HTTP status code is not handled or not allowed
2018-11-30 20:15:39 [scrapy.spidermiddlewares.httperror] INFO: Ignoring response <404 http://www.youban.com/mp3-1176.html>: HTTP status code is not handled or not allowed
2018-11-30 20:15:39 [scrapy.spidermiddlewares.httperror] INFO: Ignoring response <404 http://www.youban.com/mp3-1199.html>: HTTP status code is not handled or not allowed
2018-11-30 20:15:39 [scrapy.spidermiddlewares.httperror] INFO: Ignoring response <404 http://www.youban.com/mp3-1180.html>: HTTP status code is not handled or not allowed
2018-11-30 20:15:39 [scrapy.spidermiddlewares.httperror] INFO: Ignoring response <404 http://www.youban.com/mp3-1172.html>: HTTP status code is not handled or not allowed
2018-11-30 20:15:39 [scrapy.spidermiddlewares.httperror] INFO: Ignoring response <404 http://www.youban.com/mp3-1198.html>: HTTP status code is not handled or not allowed
2018-11-30 20:15:39 [scrapy.spidermiddlewares.httperror] INFO: Ignoring response <404 http://www.youban.com/mp3-1204.html>: HTTP status code is not handled or not allowed
2018-11-30 20:15:39 [scrapy.spidermiddlewares.httperror] INFO: Ignoring response <404 http://www.youban.com/mp3-1194.html>: HTTP status code is not handled or not allowed
2018-11-30 20:15:39 [scrapy.spidermiddlewares.httperror] INFO: Ignoring response <404 http://www.youban.com/mp3-1166.html>: HTTP status code is not handled or not allowed
2018-11-30 20:15:39 [scrapy.spidermiddlewares.httperror] INFO: Ignoring response <404 http://www.youban.com/mp3-1203.html>: HTTP status code is not handled or not allowed
2018-11-30 20:15:39 [scrapy.spidermiddlewares.httperror] INFO: Ignoring response <404 http://www.youban.com/mp3-1197.html>: HTTP status code is not handled or not allowed
2018-11-30 20:15:39 [scrapy.spidermiddlewares.httperror] INFO: Ignoring response <404 http://www.youban.com/mp3-1173.html>: HTTP status code is not handled or not allowed
2018-11-30 20:15:39 [scrapy.spidermiddlewares.httperror] INFO: Ignoring response <404 http://www.youban.com/mp3-1181.html>: HTTP status code is not handled or not allowed
2018-11-30 20:15:39 [scrapy.spidermiddlewares.httperror] INFO: Ignoring response <404 http://www.youban.com/mp3-1200.html>: HTTP status code is not handled or not allowed
2018-11-30 20:15:39 [scrapy.spidermiddlewares.httperror] INFO: Ignoring response <404 http://www.youban.com/mp3-1178.html>: HTTP status code is not handled or not allowed
2018-11-30 20:15:39 [scrapy.spidermiddlewares.httperror] INFO: Ignoring response <404 http://www.youban.com/mp3-1175.html>: HTTP status code is not handled or not allowed
2018-11-30 20:15:39 [scrapy.spidermiddlewares.httperror] INFO: Ignoring response <404 http://www.youban.com/mp3-1188.html>: HTTP status code is not handled or not allowed
2018-11-30 20:15:39 [scrapy.spidermiddlewares.httperror] INFO: Ignoring response <404 http://www.youban.com/mp3-1195.html>: HTTP status code is not handled or not allowed
2018-11-30 20:15:39 [scrapy.spidermiddlewares.httperror] INFO: Ignoring response <404 http://www.youban.com/mp3-1205.html>: HTTP status code is not handled or not allowed
2018-11-30 20:15:39 [scrapy.spidermiddlewares.httperror] INFO: Ignoring response <404 http://www.youban.com/mp3-1177.html>: HTTP status code is not handled or not allowed
2018-11-30 20:15:39 [scrapy.spidermiddlewares.httperror] INFO: Ignoring response <404 http://www.youban.com/mp3-1192.html>: HTTP status code is not handled or not allowed
2018-11-30 20:15:51 [scrapy.spidermiddlewares.httperror] INFO: Ignoring response <404 http://www.youban.com/mp3-1206.html>: HTTP status code is not handled or not allowed
2018-11-30 20:15:51 [scrapy.spidermiddlewares.httperror] INFO: Ignoring response <404 http://www.youban.com/mp3-1168.html>: HTTP status code is not handled or not allowed
2018-11-30 20:16:30 [scrapy.core.downloader.handlers.http11] WARNING: Got data loss in http://media.youban.com/gsmp3/mv20130529/1369795686.mp3. If you want to process broken responses set the setting DOWNLOAD_FAIL_ON_DATALOSS = False -- This message won't be shown in further requests
2018-11-30 20:16:38 [scrapy.extensions.logstats] INFO: Crawled 5429 pages (at 722 pages/min), scraped 3617 items (at 465 items/min)
2018-11-30 20:17:38 [scrapy.extensions.logstats] INFO: Crawled 5999 pages (at 570 pages/min), scraped 3998 items (at 381 items/min)
2018-11-30 20:18:38 [scrapy.extensions.logstats] INFO: Crawled 6190 pages (at 191 pages/min), scraped 4126 items (at 128 items/min)
2018-11-30 20:19:38 [scrapy.extensions.logstats] INFO: Crawled 7061 pages (at 871 pages/min), scraped 4709 items (at 583 items/min)
2018-11-30 20:20:38 [scrapy.extensions.logstats] INFO: Crawled 7791 pages (at 730 pages/min), scraped 5203 items (at 494 items/min)
2018-11-30 20:20:44 [scrapy.spidermiddlewares.httperror] INFO: Ignoring response <404 http://www.youban.com/mp3-2745.html>: HTTP status code is not handled or not allowed
2018-11-30 20:21:38 [scrapy.extensions.logstats] INFO: Crawled 8385 pages (at 594 pages/min), scraped 5602 items (at 399 items/min)
2018-11-30 20:22:38 [scrapy.extensions.logstats] INFO: Crawled 9253 pages (at 868 pages/min), scraped 6187 items (at 585 items/min)
2018-11-30 20:22:57 [scrapy.pipelines.files] WARNING: File (code: 404): Error downloading file from <GET http://media.youban.com/gsmp3/mv20140924/qingwawangzii.mp3> referred in <None>
2018-11-30 20:23:38 [scrapy.extensions.logstats] INFO: Crawled 9956 pages (at 703 pages/min), scraped 6652 items (at 465 items/min)
2018-11-30 20:24:38 [scrapy.extensions.logstats] INFO: Crawled 10333 pages (at 377 pages/min), scraped 6905 items (at 253 items/min)
2018-11-30 20:25:11 [scrapy.core.engine] INFO: Closing spider (finished)
2018-11-30 20:25:11 [scrapy.statscollectors] INFO: Dumping Scrapy stats:
{'downloader/exception_count': 13,
 'downloader/exception_type_count/scrapy.exceptions.NotSupported': 1,
 'downloader/exception_type_count/twisted.internet.error.TimeoutError': 11,
 'downloader/exception_type_count/twisted.web._newclient.ResponseFailed': 1,
 'downloader/request_bytes': 5303300,
 'downloader/request_count': 10762,
 'downloader/request_method_count/GET': 10762,
 'downloader/response_bytes': 14257587294,
 'downloader/response_count': 10749,
 'downloader/response_status_count/200': 10707,
 'downloader/response_status_count/404': 42,
 'dupefilter/filtered': 323,
 'file_count': 3637,
 'file_status_count/downloaded': 3495,
 'file_status_count/uptodate': 142,
 'finish_reason': 'finished',
 'finish_time': datetime.datetime(2018, 11, 30, 12, 25, 11, 227532),
 'httperror/response_ignored_count': 40,
 'httperror/response_ignored_status_count/404': 40,
 'item_scraped_count': 7188,
 'log_count/ERROR': 7,
 'log_count/INFO': 67,
 'log_count/WARNING': 15,
 'request_depth_max': 4,
 'response_received_count': 10749,
 'retry/count': 11,
 'retry/max_reached': 1,
 'retry/reason_count/twisted.internet.error.TimeoutError': 10,
 'retry/reason_count/twisted.web._newclient.ResponseFailed': 1,
 'scheduler/dequeued': 7252,
 'scheduler/dequeued/memory': 7252,
 'scheduler/enqueued': 7252,
 'scheduler/enqueued/memory': 7252,
 'start_time': datetime.datetime(2018, 11, 30, 12, 4, 38, 340015)}
2018-11-30 20:25:11 [scrapy.core.engine] INFO: Spider closed (finished)
2018-12-14 15:14:40 [scrapy.utils.log] INFO: Scrapy 1.5.1 started (bot: audio)
2018-12-14 15:14:40 [scrapy.utils.log] INFO: Versions: lxml 4.2.5.0, libxml2 2.9.5, cssselect 1.0.3, parsel 1.5.1, w3lib 1.19.0, Twisted 18.9.0, Python 3.7.0 (v3.7.0:1bf9cc5093, Jun 27 2018, 04:59:51) [MSC v.1914 64 bit (AMD64)], pyOpenSSL 18.0.0 (OpenSSL 1.1.0j  20 Nov 2018), cryptography 2.4.2, Platform Windows-7-6.1.7601-SP1
2018-12-14 15:15:17 [scrapy.utils.log] INFO: Scrapy 1.5.1 started (bot: audio)
2018-12-14 15:15:17 [scrapy.utils.log] INFO: Versions: lxml 4.2.5.0, libxml2 2.9.5, cssselect 1.0.3, parsel 1.5.1, w3lib 1.19.0, Twisted 18.9.0, Python 3.7.0 (v3.7.0:1bf9cc5093, Jun 27 2018, 04:59:51) [MSC v.1914 64 bit (AMD64)], pyOpenSSL 18.0.0 (OpenSSL 1.1.0j  20 Nov 2018), cryptography 2.4.2, Platform Windows-7-6.1.7601-SP1
